<?xml version="1.0" encoding="UTF-8"?>
<!-- Generated by org.testng.reporters.JUnitReportReporter -->
<testsuite hostname="CLAP1586" failures="0" tests="1" name="testcases.UserProfileManagement" time="7.790" errors="0" timestamp="2025-02-16T17:49:17 IST" skipped="0">
  <testcase classname="testcases.UserProfileManagement" name="updateProfileTest" time="7.790"/>
  <system-out/>
</testsuite> <!-- testcases.UserProfileManagement -->
