<?xml version="1.0" encoding="UTF-8"?>
<!-- Generated by org.testng.reporters.JUnitReportReporter -->
<testsuite hostname="CLAP1586" failures="0" tests="4" name="testcases.LoginTest" time="41.721" errors="0" timestamp="2025-02-17T07:04:43 IST" skipped="0">
  <testcase classname="testcases.LoginTest" name="register" time="9.827"/>
  <system-out/>
  <testcase classname="testcases.LoginTest" name="validlogin" time="9.981"/>
  <system-out/>
  <testcase classname="testcases.LoginTest" name="invalidlogin" time="16.691"/>
  <system-out/>
  <testcase classname="testcases.LoginTest" name="logout" time="5.222"/>
  <system-out/>
</testsuite> <!-- testcases.LoginTest -->
